<?xml version="1.0" encoding="UTF-8"?>
<!-- Generated by org.testng.reporters.JUnitReportReporter -->
<testsuite hostname="LAPTOP-2NA4FFI8" failures="0" tests="1" name="fortrainingapp.runners.Runner" time="36.090" errors="0" timestamp="30 Oct 2022 13:06:52 GMT" skipped="0">
  <testcase classname="fortrainingapp.runners.Runner" name="feature" time="36.090"/>
</testsuite> <!-- fortrainingapp.runners.Runner -->
